Determining if the pthread_create exist failed with the following output:
Change Dir: /home/uga/smithcg/Desktop/build-givr-simple-project-master-Desktop-Debug/CMakeFiles/CMakeTmp

Run Build Command(s):/usr/bin/gmake cmTC_bf2c8/fast 
/usr/bin/gmake -f CMakeFiles/cmTC_bf2c8.dir/build.make CMakeFiles/cmTC_bf2c8.dir/build
gmake[1]: Entering directory '/home/uga/smithcg/Desktop/build-givr-simple-project-master-Desktop-Debug/CMakeFiles/CMakeTmp'
Building C object CMakeFiles/cmTC_bf2c8.dir/CheckSymbolExists.c.o
/usr/lib64/ccache/gcc    -o CMakeFiles/cmTC_bf2c8.dir/CheckSymbolExists.c.o   -c /home/uga/smithcg/Desktop/build-givr-simple-project-master-Desktop-Debug/CMakeFiles/CMakeTmp/CheckSymbolExists.c
Linking C executable cmTC_bf2c8
/usr/bin/cmake -E cmake_link_script CMakeFiles/cmTC_bf2c8.dir/link.txt --verbose=1
/usr/lib64/ccache/gcc      -rdynamic CMakeFiles/cmTC_bf2c8.dir/CheckSymbolExists.c.o  -o cmTC_bf2c8 
CMakeFiles/cmTC_bf2c8.dir/CheckSymbolExists.c.o: In function `main':
CheckSymbolExists.c:(.text+0x16): undefined reference to `pthread_create'
collect2: error: ld returned 1 exit status
gmake[1]: *** [CMakeFiles/cmTC_bf2c8.dir/build.make:87: cmTC_bf2c8] Error 1
gmake[1]: Leaving directory '/home/uga/smithcg/Desktop/build-givr-simple-project-master-Desktop-Debug/CMakeFiles/CMakeTmp'
gmake: *** [Makefile:121: cmTC_bf2c8/fast] Error 2

File /home/uga/smithcg/Desktop/build-givr-simple-project-master-Desktop-Debug/CMakeFiles/CMakeTmp/CheckSymbolExists.c:
/* */
#include <pthread.h>

int main(int argc, char** argv)
{
  (void)argv;
#ifndef pthread_create
  return ((int*)(&pthread_create))[argc];
#else
  (void)argc;
  return 0;
#endif
}

Determining if the function pthread_create exists in the pthreads failed with the following output:
Change Dir: /home/uga/smithcg/Desktop/build-givr-simple-project-master-Desktop-Debug/CMakeFiles/CMakeTmp

Run Build Command(s):/usr/bin/gmake cmTC_f3423/fast 
/usr/bin/gmake -f CMakeFiles/cmTC_f3423.dir/build.make CMakeFiles/cmTC_f3423.dir/build
gmake[1]: Entering directory '/home/uga/smithcg/Desktop/build-givr-simple-project-master-Desktop-Debug/CMakeFiles/CMakeTmp'
Building C object CMakeFiles/cmTC_f3423.dir/CheckFunctionExists.c.o
/usr/lib64/ccache/gcc   -DCHECK_FUNCTION_EXISTS=pthread_create   -o CMakeFiles/cmTC_f3423.dir/CheckFunctionExists.c.o   -c /usr/share/cmake/Modules/CheckFunctionExists.c
Linking C executable cmTC_f3423
/usr/bin/cmake -E cmake_link_script CMakeFiles/cmTC_f3423.dir/link.txt --verbose=1
/usr/lib64/ccache/gcc  -DCHECK_FUNCTION_EXISTS=pthread_create    -rdynamic CMakeFiles/cmTC_f3423.dir/CheckFunctionExists.c.o  -o cmTC_f3423 -lpthreads 
/usr/bin/ld: cannot find -lpthreads
collect2: error: ld returned 1 exit status
gmake[1]: *** [CMakeFiles/cmTC_f3423.dir/build.make:87: cmTC_f3423] Error 1
gmake[1]: Leaving directory '/home/uga/smithcg/Desktop/build-givr-simple-project-master-Desktop-Debug/CMakeFiles/CMakeTmp'
gmake: *** [Makefile:121: cmTC_f3423/fast] Error 2


